  源.cpp
源.cpp(38): warning C4018: “<”: 有符号/无符号不匹配
源.cpp(40): warning C4018: “<”: 有符号/无符号不匹配
源.cpp(53): warning C4018: “<”: 有符号/无符号不匹配
源.cpp(56): warning C4018: “<”: 有符号/无符号不匹配
源.cpp(83): warning C4018: “<”: 有符号/无符号不匹配
源.cpp(85): warning C4018: “<”: 有符号/无符号不匹配
源.cpp(99): warning C4018: “<”: 有符号/无符号不匹配
源.cpp(106): warning C4018: “<”: 有符号/无符号不匹配
源.cpp(109): warning C4018: “<”: 有符号/无符号不匹配
源.cpp(138): warning C4018: “<”: 有符号/无符号不匹配
源.cpp(173): warning C4018: “<”: 有符号/无符号不匹配
源.cpp(202): warning C4018: “<”: 有符号/无符号不匹配
源.cpp(209): warning C4018: “<”: 有符号/无符号不匹配
源.cpp(230): warning C4018: “<”: 有符号/无符号不匹配
源.cpp(234): warning C4018: “<”: 有符号/无符号不匹配
源.cpp(194): warning C4101: “k”: 未引用的局部变量
源.cpp(261): warning C4018: “<”: 有符号/无符号不匹配
源.cpp(279): warning C4018: “<”: 有符号/无符号不匹配
源.cpp(282): warning C4018: “<”: 有符号/无符号不匹配
源.cpp(306): warning C4018: “<”: 有符号/无符号不匹配
源.cpp(333): warning C4018: “<”: 有符号/无符号不匹配
源.cpp(402): warning C4018: “<”: 有符号/无符号不匹配
源.cpp(405): warning C4018: “<”: 有符号/无符号不匹配
源.cpp(416): warning C4018: “<”: 有符号/无符号不匹配
源.cpp(390): warning C4101: “k”: 未引用的局部变量
源.cpp(442): warning C4018: “<”: 有符号/无符号不匹配
源.cpp(461): warning C4018: “<”: 有符号/无符号不匹配
源.cpp(464): warning C4018: “<”: 有符号/无符号不匹配
源.cpp(449): warning C4101: “p2”: 未引用的局部变量
  正在生成代码
  1 of 450 functions ( 0.2%) were compiled, the rest were copied from previous compilation.
    0 functions were new in current compilation
    1 functions had inline decision re-evaluated but remain unchanged
  已完成代码的生成
  nb1.vcxproj -> E:\AI\NB\nb1\nb1\Release\nb1.exe
