  源.cpp
g:\ai\lab6\lab6\源.cpp(17): warning C4091: “typedef ”: 没有声明变量时忽略“TrainSet”的左侧
g:\ai\lab6\lab6\源.cpp(24): warning C4091: “typedef ”: 没有声明变量时忽略“Node”的左侧
g:\ai\lab6\lab6\源.cpp(51): warning C4018: “<”: 有符号/无符号不匹配
g:\ai\lab6\lab6\源.cpp(44): warning C4996: 'strtok': This function or variable may be unsafe. Consider using strtok_s instead. To disable deprecation, use _CRT_SECURE_NO_WARNINGS. See online help for details.
  c:\program files (x86)\windows kits\10\include\10.0.16299.0\ucrt\string.h(439): note: 参见“strtok”的声明
g:\ai\lab6\lab6\源.cpp(47): warning C4996: 'sscanf': This function or variable may be unsafe. Consider using sscanf_s instead. To disable deprecation, use _CRT_SECURE_NO_WARNINGS. See online help for details.
  c:\program files (x86)\windows kits\10\include\10.0.16299.0\ucrt\stdio.h(2261): note: 参见“sscanf”的声明
g:\ai\lab6\lab6\源.cpp(49): warning C4996: 'strtok': This function or variable may be unsafe. Consider using strtok_s instead. To disable deprecation, use _CRT_SECURE_NO_WARNINGS. See online help for details.
  c:\program files (x86)\windows kits\10\include\10.0.16299.0\ucrt\string.h(439): note: 参见“strtok”的声明
g:\ai\lab6\lab6\源.cpp(37): warning C4101: “j”: 未引用的局部变量
g:\ai\lab6\lab6\源.cpp(74): warning C4018: “<”: 有符号/无符号不匹配
g:\ai\lab6\lab6\源.cpp(98): warning C4018: “<”: 有符号/无符号不匹配
g:\ai\lab6\lab6\源.cpp(100): warning C4018: “<”: 有符号/无符号不匹配
g:\ai\lab6\lab6\源.cpp(96): warning C4101: “i”: 未引用的局部变量
g:\ai\lab6\lab6\源.cpp(112): warning C4018: “<”: 有符号/无符号不匹配
g:\ai\lab6\lab6\源.cpp(110): warning C4101: “k”: 未引用的局部变量
g:\ai\lab6\lab6\源.cpp(110): warning C4101: “j”: 未引用的局部变量
g:\ai\lab6\lab6\源.cpp(125): warning C4018: “<”: 有符号/无符号不匹配
g:\ai\lab6\lab6\源.cpp(129): warning C4018: “<”: 有符号/无符号不匹配
g:\ai\lab6\lab6\源.cpp(133): warning C4018: “<”: 有符号/无符号不匹配
g:\ai\lab6\lab6\源.cpp(134): warning C4018: “<”: 有符号/无符号不匹配
g:\ai\lab6\lab6\源.cpp(120): warning C4101: “k”: 未引用的局部变量
g:\ai\lab6\lab6\源.cpp(151): warning C4018: “<”: 有符号/无符号不匹配
g:\ai\lab6\lab6\源.cpp(169): warning C4018: “<”: 有符号/无符号不匹配
  lab6.vcxproj -> G:\AI\lab6\Debug\lab6.exe
